<?xml version="1.0" encoding="UTF-8"?>
<!-- Generated by org.testng.reporters.JUnitXMLReporter -->
<testsuite hostname="hp" name="Test" tests="3" failures="1" timestamp="27 Nov 2022 18:20:01 GMT" time="7.611" errors="0">
  <testcase name="login" time="3.501" classname="tests.LoginTest"/>
  <testcase name="verifyTitle" time="0.008" classname="tests.HomePageTest">
    <failure type="java.lang.AssertionError" message="Title does not matched expected [HRM] but found [OrangeHRM]">
      <![CDATA[java.lang.AssertionError: Title does not matched expected [HRM] but found [OrangeHRM]
	at tests.HomePageTest.verifyTitle(HomePageTest.java:49)
... Removed 29 stack frames]]>
    </failure>
  </testcase> <!-- verifyTitle -->
  <testcase name="logout" time="3.833" classname="tests.HomePageTest"/>
</testsuite> <!-- Test -->
